<?xml version="1.0" encoding="UTF-8"?>
<!-- Generated by org.testng.reporters.JUnitReportReporter -->
<testsuite skipped="0" hostname="ojt16-PC" name="DriverFactory.AppTest" tests="1" failures="0" timestamp="01 Oct 2019 02:18:30 GMT" time="30.070" errors="0">
  <testcase name="kickStart" time="30.070" classname="DriverFactory.AppTest"/>
</testsuite> <!-- DriverFactory.AppTest -->
